-------------------------------------------------------------------------------
Test set: runner.TestRunnerCalculator
-------------------------------------------------------------------------------
Tests run: 4, Failures: 1, Errors: 0, Skipped: 0, Time elapsed: 90.609 s <<< FAILURE! - in runner.TestRunnerCalculator
Validate evaluation of Complex expressions(Validate evaluation of Calculator expression for Value too large.)  Time elapsed: 10.118 s  <<< FAILURE!
org.junit.ComparisonFailure: Validation message does not match the expected message. expected:<[Value too large]> but was:<[Timeout. Undefined?]>

